<?xml version="1.0" encoding="UTF-8"?>
<testsuite name="realizar la compra de productos" tests="1" skipped="0" failures="0" errors="0" timestamp="2022-05-17T20:47:05" hostname="LAPTOP-BTRA6MTS" time="30.422">
  <properties/>
  <testcase name="realizar la seleccion de productos" classname="realizar la compra de productos" time="30.422"/>
  <system-out><![CDATA[]]></system-out>
  <system-err><![CDATA[may 17, 2022 3:47:05 PM org.openqa.selenium.remote.DesiredCapabilities chrome
INFORMACIÓN: Using `new ChromeOptions()` is preferred to `DesiredCapabilities.chrome()`
Starting ChromeDriver 101.0.4951.41 (93c720db8323b3ec10d056025ab95c23a31997c9-refs/branch-heads/4951@{#904}) on port 14401
Only local connections are allowed.
Please see https://chromedriver.chromium.org/security-considerations for suggestions on keeping ChromeDriver safe.
ChromeDriver was started successfully.
may 17, 2022 3:47:09 PM org.openqa.selenium.remote.ProtocolHandshake createSession
INFORMACIÓN: Detected dialect: W3C
]]></system-err>
</testsuite>
